<?xml version="1.0" encoding="UTF-8"?>
<!-- Generated by org.testng.reporters.JUnitXMLReporter -->
<testsuite hostname="BLT231" ignored="0" name="Test" tests="4" failures="0" timestamp="2020-03-03T23:30:42 IST" time="66.018" errors="0">
  <testcase name="test" time="3.723" classname="tests.JchromeTest"/>
  <testcase name="test" time="3.277" classname="tests.JchromeTest"/>
  <testcase name="test" time="2.854" classname="tests.JfirefoxTest"/>
  <testcase name="test" time="2.791" classname="tests.JfirefoxTest"/>
</testsuite> <!-- Test -->
